<?xml version="1.0" encoding="UTF-8"?>
<!DOCTYPE suite SYSTEM "http://testng.org/testng-1.0.dtd">
<suite name="Single Page runner">
    <parameter name="browser" value="CHROME"/>
    <listeners>
        <listener class-name="com.red.testframework.utils.ScreenshotListener"/>
    </listeners>
    <test name="TestSamsaraPage execution on Chrome">
        <classes>
            <class name="com.red.testframework.tests.TestSamsaraPage">
            </class>
        </classes>
    </test>
    <test name="TestSamsaraPage execution on Firefox">
        <parameter name="browser" value="FIREFOX"/>
        <classes>
            <class name="com.red.testframework.tests.TestSamsaraPage">
            </class>
        </classes>
    </test>
    <test name="TestSamsaraPage execution on headless Chrome">
        <parameter name="browser" value="CHROME_HEADLESS"/>
        <classes>
            <class name="com.red.testframework.tests.TestSamsaraPage">
            </class>
        </classes>
    </test>
</suite>