<?xml version="1.0" encoding="UTF-8"?>
<!DOCTYPE suite SYSTEM "http://testng.org/testng-1.0.dtd">
<suite name="Single Page runner">
    <parameter name="browser" value="FIREFOX"/>
    <listeners>
        <listener class-name="com.red.testframework.utils.ScreenshotListener" />
    </listeners>
    <test name="SPR">
        <groups>
            <run>
                <!-- Based on the need, here you can include/exclude test from certain suites (groups) -->
                <exclude name="SANITY"/>       <!-- Although SANITY group is excluded, dependencyOnMethods will override-->
                <include name="CRITICAL"/>
                <include name="HIGH"/>
            </run>
        </groups>
        <classes>
            <class name="com.red.testframework.tests.TestSamsaraPage">
<!--            <methods>-->
<!--                <exclude-->
<!--                        name="test_samsaraPage_verifyShareWithFriendsButtonIsDisplayed_shareWithFriendsButtonIsDisplayed"/>-->
<!--            </methods>-->
            </class>
        </classes>
    </test>
</suite>
