<?xml version="1.0" encoding="UTF-8"?>
<!DOCTYPE suite SYSTEM "http://testng.org/testng-1.0.dtd">
<suite name="Single Page runner">
    <listeners>
        <listener class-name="com.red.testframework.utils.ScreenshotUtil" />
    </listeners>
    <test name="SPR">

        <classes>
            <class name="com.red.testframework.tests.TestLoginPage">
<!--            <methods>-->
<!--                <exclude-->
<!--                        name="test_loginPage_loginWithCorrectUsernameLongPassword_invalidCredentialsErrorMessagePresent"/>-->
<!--            </methods>-->
            </class>
        </classes>
    </test>
</suite>
